2020-03-11 22:40:57 INFO  Log:28 - Info : -------Starting of Testcase---------
2020-03-11 22:40:57 INFO  Log:39 - Info : SCENARIO Started - Amazon SG - Add a product to bag
2020-03-11 22:40:57 INFO  Log:39 - Info : Initializing Driver - New
2020-03-11 22:40:57 INFO  Log:39 - Info : Browser - Chrome
2020-03-11 22:40:57 INFO  Log:39 - Info : Chrome options are set:/nCapabilities {browserName: chrome}
2020-03-11 22:41:04 INFO  Log:39 - Info : Wait for page to load
2020-03-11 22:41:04 INFO  Log:39 - Info : Maximum wait for - 2
2020-03-11 22:41:04 INFO  Log:39 - Info : Page Load Status - complete
2020-03-11 22:41:04 INFO  Log:39 - Invoked Chrome driver successfully
2020-03-11 22:41:04 INFO  Log:39 - Info : Desktop Driver initialized
2020-03-11 22:41:04 INFO  Log:39 - Info : Wait for page to load...
2020-03-11 22:41:04 INFO  Log:39 - Info : ===>>> Check if user is landed on amazon login page
2020-03-11 22:41:04 INFO  Log:39 - PassVerify on main page
2020-03-11 22:41:04 INFO  Log:39 - Info : ===>>> Enter username valid
2020-03-11 22:41:05 INFO  Log:39 - Pass : [EW] Enter text - [[ChromeDriver: chrome on XP (727238e4098d40db971bc27c195cf759)] -> id: ap_email]; Value - ganesh.shine87@gmail.com
2020-03-11 22:41:05 INFO  Log:39 - Info : ===>>> Continue to the next page
2020-03-11 22:41:05 INFO  Log:39 - Info : [EW] Waiting for element - [[ChromeDriver: chrome on XP (727238e4098d40db971bc27c195cf759)] -> id: continue]
2020-03-11 22:41:05 INFO  Log:39 - Pass : [EW] Element found - [[ChromeDriver: chrome on XP (727238e4098d40db971bc27c195cf759)] -> id: continue]
2020-03-11 22:41:06 INFO  Log:39 - Pass : [EW] Element clicked - Proxy element for: DefaultElementLocator 'By.id: continue'
2020-03-11 22:41:06 INFO  Log:39 - Info : ===>>> Enter password valid
2020-03-11 22:41:07 INFO  Log:39 - Pass : [EW] Enter text - [[ChromeDriver: chrome on XP (727238e4098d40db971bc27c195cf759)] -> id: ap_password]; Value - Newpass@020
2020-03-11 22:41:07 INFO  Log:39 - Info : ===>>> Submit user credentials
2020-03-11 22:41:07 INFO  Log:39 - Info : [EW] Waiting for element - [[ChromeDriver: chrome on XP (727238e4098d40db971bc27c195cf759)] -> id: signInSubmit]
2020-03-11 22:41:07 INFO  Log:39 - Pass : [EW] Element found - [[ChromeDriver: chrome on XP (727238e4098d40db971bc27c195cf759)] -> id: signInSubmit]
2020-03-11 22:41:09 INFO  Log:39 - Pass : [EW] Element clicked - Proxy element for: DefaultElementLocator 'By.id: signInSubmit'
2020-03-11 22:41:09 INFO  Log:39 - Info : Wait for page to load...
2020-03-11 22:41:09 INFO  Log:39 - Info : ===>>> Verify landed on Home screen
2020-03-11 22:41:11 INFO  Log:39 - PassVerify amazon logo is displayed
2020-03-11 22:41:11 INFO  Log:39 - PassVerify left navigation menu is displayed
2020-03-11 22:41:11 INFO  Log:39 - PassVerify left navigation menu is displayed
2020-03-11 22:41:11 INFO  Log:39 - Info : ===>>> Search for a product 
2020-03-11 22:41:11 INFO  Log:39 - Pass : [EW] Enter text - [[ChromeDriver: chrome on XP (727238e4098d40db971bc27c195cf759)] -> id: twotabsearchtextbox]; Value - iphone x 64gb
2020-03-11 22:41:11 INFO  Log:39 - Info : [EW] Waiting for element - [[ChromeDriver: chrome on XP (727238e4098d40db971bc27c195cf759)] -> xpath: //*[@type='submit']]
2020-03-11 22:41:11 INFO  Log:39 - Pass : [EW] Element found - [[ChromeDriver: chrome on XP (727238e4098d40db971bc27c195cf759)] -> xpath: //*[@type='submit']]
2020-03-11 22:41:15 INFO  Log:39 - Pass : [EW] Element clicked - [[ChromeDriver: chrome on XP (727238e4098d40db971bc27c195cf759)] -> xpath: //*[@type='submit']]
2020-03-11 22:41:15 INFO  Log:39 - Info : ===>>> Verify the search results page of the product
2020-03-11 22:41:15 INFO  Log:39 - Info : ===>>> Add 1 product to bag
2020-03-11 22:41:16 INFO  Log:39 - Info : [EW] Waiting for element - [[ChromeDriver: chrome on XP (727238e4098d40db971bc27c195cf759)] -> xpath: //*[contains(@class, 's-result-item')][1]//*[@class='a-size-medium a-color-base a-text-normal']]
2020-03-11 22:41:16 INFO  Log:39 - Pass : [EW] Element found - [[ChromeDriver: chrome on XP (727238e4098d40db971bc27c195cf759)] -> xpath: //*[contains(@class, 's-result-item')][1]//*[@class='a-size-medium a-color-base a-text-normal']]
2020-03-11 22:41:21 INFO  Log:39 - Pass : [EW] Element clicked - [[ChromeDriver: chrome on XP (727238e4098d40db971bc27c195cf759)] -> xpath: //*[contains(@class, 's-result-item')][1]//*[@class='a-size-medium a-color-base a-text-normal']]
2020-03-11 22:41:21 INFO  Log:39 - Info : Wait for page to load...
2020-03-11 22:41:21 INFO  Log:39 - Info : ===>>> Verify landed on Product screen successfully
2020-03-11 22:41:22 INFO  Log:39 - PassVerify product details page
2020-03-11 22:41:22 INFO  Log:39 - Info : ===>>> Select product quantity as 1
2020-03-11 22:41:22 INFO  Log:39 - Info : [EW] Waiting for element - [[ChromeDriver: chrome on XP (727238e4098d40db971bc27c195cf759)] -> xpath: //*[@id='selectQuantity']//span[@class='a-dropdown-container']//label]
2020-03-11 22:41:22 INFO  Log:39 - Pass : [EW] Element found - [[ChromeDriver: chrome on XP (727238e4098d40db971bc27c195cf759)] -> xpath: //*[@id='selectQuantity']//span[@class='a-dropdown-container']//label]
2020-03-11 22:41:22 INFO  Log:39 - Pass : [EW] Element clicked by js (WDE) - [[ChromeDriver: chrome on XP (727238e4098d40db971bc27c195cf759)] -> xpath: //*[@id='selectQuantity']//span[@class='a-dropdown-container']//label]
2020-03-11 22:41:22 INFO  Log:39 - Info : [EW] Waiting for element - [[ChromeDriver: chrome on XP (727238e4098d40db971bc27c195cf759)] -> xpath: //*[@class='a-nostyle a-list-link']//li[1]/a]
2020-03-11 22:41:22 INFO  Log:39 - Pass : [EW] Element found - [[ChromeDriver: chrome on XP (727238e4098d40db971bc27c195cf759)] -> xpath: //*[@class='a-nostyle a-list-link']//li[1]/a]
2020-03-11 22:41:23 INFO  Log:39 - Pass : [EW] Element clicked - [[ChromeDriver: chrome on XP (727238e4098d40db971bc27c195cf759)] -> xpath: //*[@class='a-nostyle a-list-link']//li[1]/a]
2020-03-11 22:41:23 INFO  Log:39 - Info : ===>>> Added product quantity 1
2020-03-11 22:41:23 INFO  Log:39 - Info : ===>>> Capture the product details
2020-03-11 22:41:23 INFO  Log:39 - Info : ===>>> Added product price is $403.99
2020-03-11 22:41:23 INFO  Log:39 - Info : ===>>> Added product name is Apple iPhone X, 64GB, Space Gray - Fully Unlocked (Renewed)
2020-03-11 22:41:23 INFO  Log:39 - Info : ===>>> Add Product to cart
2020-03-11 22:41:23 INFO  Log:39 - Info : [EW] Waiting for element - [[ChromeDriver: chrome on XP (727238e4098d40db971bc27c195cf759)] -> id: add-to-cart-button]
2020-03-11 22:41:23 INFO  Log:39 - Pass : [EW] Element found - [[ChromeDriver: chrome on XP (727238e4098d40db971bc27c195cf759)] -> id: add-to-cart-button]
2020-03-11 22:41:24 INFO  Log:39 - Pass : [EW] Element clicked - [[ChromeDriver: chrome on XP (727238e4098d40db971bc27c195cf759)] -> id: add-to-cart-button]
2020-03-11 22:41:24 INFO  Log:39 - Info : Wait for page to load...
2020-03-11 22:41:24 INFO  Log:39 - Info : ===>>> Verify added product in cart page on Product screen
2020-03-11 22:41:28 INFO  Log:39 - Info : [EW] Waiting for element - [[ChromeDriver: chrome on XP (727238e4098d40db971bc27c195cf759)] -> xpath: //*[@id='attach-view-cart-button-form']//input]
2020-03-11 22:41:28 INFO  Log:39 - Pass : [EW] Element found - [[ChromeDriver: chrome on XP (727238e4098d40db971bc27c195cf759)] -> xpath: //*[@id='attach-view-cart-button-form']//input]
2020-03-11 22:41:32 INFO  Log:39 - Clicked Add to Cart button!!
2020-03-11 22:41:33 INFO  Log:39 - Info : [EW] Waiting for element - [[ChromeDriver: chrome on XP (727238e4098d40db971bc27c195cf759)] -> xpath: //h2[contains(text(), 'Shopping Cart')]]
2020-03-11 22:41:33 INFO  Log:39 - Pass : [EW] Element found - [[ChromeDriver: chrome on XP (727238e4098d40db971bc27c195cf759)] -> xpath: //h2[contains(text(), 'Shopping Cart')]]
2020-03-11 22:41:33 INFO  Log:39 - Info : Wait for page to load...
2020-03-11 22:41:33 INFO  Log:39 - Info : ===>>> Logout from the website!!
2020-03-11 22:41:33 INFO  Log:39 - Info : [EW] Waiting for element - [[ChromeDriver: chrome on XP (727238e4098d40db971bc27c195cf759)] -> xpath: //span[@class='nav-line-2 ']]
2020-03-11 22:41:33 INFO  Log:39 - Pass : [EW] Element found - [[ChromeDriver: chrome on XP (727238e4098d40db971bc27c195cf759)] -> xpath: //span[@class='nav-line-2 ']]
2020-03-11 22:41:35 INFO  Log:39 - Pass : [EW] Element clicked by js (WDE) - [[ChromeDriver: chrome on XP (727238e4098d40db971bc27c195cf759)] -> xpath: //span[@class='nav-line-2 ']]
2020-03-11 22:41:56 INFO  Log:39 - Error : [EW] - Wait for element - org.openqa.selenium.TimeoutException: Expected condition failed: waiting for element to be clickable: [[ChromeDriver: chrome on XP (727238e4098d40db971bc27c195cf759)] -> xpath: //span[contains(text(), 'Sign Out')]] (tried for 20 second(s) with 1000 milliseconds interval)
Build info: version: '3.14.0', revision: 'aacccce0', time: '2018-08-02T20:19:58.91Z'
System info: host: 'DESKTOP-ON0QEQF', ip: '192.168.1.108', os.name: 'Windows 10', os.arch: 'amd64', os.version: '10.0', java.version: '11.0.1'
Driver info: org.openqa.selenium.chrome.ChromeDriver
Capabilities {acceptInsecureCerts: false, acceptSslCerts: false, applicationCacheEnabled: false, browserConnectionEnabled: false, browserName: chrome, chrome: {chromedriverVersion: 2.43.600210 (68dcf5eebde371..., userDataDir: C:\Users\REKHAG~1\AppData\L...}, cssSelectorsEnabled: true, databaseEnabled: false, goog:chromeOptions: {debuggerAddress: localhost:50393}, handlesAlerts: true, hasTouchScreen: false, javascriptEnabled: true, locationContextEnabled: true, mobileEmulationEnabled: false, nativeEvents: true, networkConnectionEnabled: false, pageLoadStrategy: normal, platform: XP, platformName: XP, rotatable: false, setWindowRect: true, takesHeapSnapshot: true, takesScreenshot: true, unexpectedAlertBehaviour: , unhandledPromptBehavior: , version: 80.0.3987.132, webStorageEnabled: true}
Session ID: 727238e4098d40db971bc27c195cf759
2020-03-11 22:41:57 INFO  Log:39 - Pass : [EW] Element clicked by js (WDE) - Proxy element for: DefaultElementLocator 'By.xpath: //span[contains(text(), 'Sign Out')]'
2020-03-11 22:41:57 INFO  Log:39 - Info : ===>>> Verify user is landed on login page successfully!!
2020-03-11 22:41:57 INFO  Log:39 - PassVerify on main page
2020-03-11 22:41:57 INFO  Log:39 - Info : ===>>> Enter username valid
2020-03-11 22:41:57 INFO  Log:39 - Pass : [EW] Enter text - [[ChromeDriver: chrome on XP (727238e4098d40db971bc27c195cf759)] -> id: ap_email]; Value - ganesh.shine87@gmail.com
2020-03-11 22:41:57 INFO  Log:39 - Info : ===>>> Continue to the next page
2020-03-11 22:41:57 INFO  Log:39 - Info : [EW] Waiting for element - [[ChromeDriver: chrome on XP (727238e4098d40db971bc27c195cf759)] -> id: continue]
2020-03-11 22:41:57 INFO  Log:39 - Pass : [EW] Element found - [[ChromeDriver: chrome on XP (727238e4098d40db971bc27c195cf759)] -> id: continue]
2020-03-11 22:41:59 INFO  Log:39 - Pass : [EW] Element clicked - Proxy element for: DefaultElementLocator 'By.id: continue'
2020-03-11 22:41:59 INFO  Log:39 - Info : ===>>> Enter password valid
2020-03-11 22:41:59 INFO  Log:39 - Pass : [EW] Enter text - [[ChromeDriver: chrome on XP (727238e4098d40db971bc27c195cf759)] -> id: ap_password]; Value - Newpass@020
2020-03-11 22:41:59 INFO  Log:39 - Info : ===>>> Submit user credentials
2020-03-11 22:41:59 INFO  Log:39 - Info : [EW] Waiting for element - [[ChromeDriver: chrome on XP (727238e4098d40db971bc27c195cf759)] -> id: signInSubmit]
2020-03-11 22:41:59 INFO  Log:39 - Pass : [EW] Element found - [[ChromeDriver: chrome on XP (727238e4098d40db971bc27c195cf759)] -> id: signInSubmit]
2020-03-11 22:42:01 INFO  Log:39 - Pass : [EW] Element clicked - Proxy element for: DefaultElementLocator 'By.id: signInSubmit'
2020-03-11 22:42:01 INFO  Log:39 - Info : ===>>> Verify landed on Home screen
2020-03-11 22:42:01 INFO  Log:39 - PassVerify amazon logo is displayed
2020-03-11 22:42:01 INFO  Log:39 - PassVerify left navigation menu is displayed
2020-03-11 22:42:02 INFO  Log:39 - PassVerify left navigation menu is displayed
2020-03-11 22:42:02 INFO  Log:39 - Info : ===>>> Navigate to cart page!!
2020-03-11 22:42:02 INFO  Log:39 - Info : [EW] Waiting for element - [[ChromeDriver: chrome on XP (727238e4098d40db971bc27c195cf759)] -> css selector: .nav-cart-icon.nav-sprite]
2020-03-11 22:42:02 INFO  Log:39 - Pass : [EW] Element found - [[ChromeDriver: chrome on XP (727238e4098d40db971bc27c195cf759)] -> css selector: .nav-cart-icon.nav-sprite]
2020-03-11 22:42:05 INFO  Log:39 - Pass : [EW] Element clicked by js (WDE) - [[ChromeDriver: chrome on XP (727238e4098d40db971bc27c195cf759)] -> css selector: .nav-cart-icon.nav-sprite]
2020-03-11 22:42:05 INFO  Log:39 - Info : ===>>> Verify added product in cart page on Product screen
2020-03-11 22:42:15 INFO  Log:39 - Error : [EW] - Wait for element - org.openqa.selenium.TimeoutException: Expected condition failed: waiting for element to be clickable: Proxy element for: DefaultElementLocator 'By.xpath: //*[@id='attach-view-cart-button-form']//input' (tried for 10 second(s) with 1000 milliseconds interval)
2020-03-11 22:42:15 INFO  Log:39 - ErrorAdd to cart window not displayed!! org.openqa.selenium.NoSuchElementException: no such element: Unable to locate element: {"method":"id","selector":"attach-added-to-cart-message"}
  (Session info: chrome=80.0.3987.132)
  (Driver info: chromedriver=2.43.600210 (68dcf5eebde37173d4027fa8635e332711d2874a),platform=Windows NT 10.0.18362 x86_64) (WARNING: The server did not provide any stacktrace information)
Command duration or timeout: 0 milliseconds
For documentation on this error, please visit: http://seleniumhq.org/exceptions/no_such_element.html
Build info: version: '3.14.0', revision: 'aacccce0', time: '2018-08-02T20:19:58.91Z'
System info: host: 'DESKTOP-ON0QEQF', ip: '192.168.1.108', os.name: 'Windows 10', os.arch: 'amd64', os.version: '10.0', java.version: '11.0.1'
Driver info: org.openqa.selenium.chrome.ChromeDriver
Capabilities {acceptInsecureCerts: false, acceptSslCerts: false, applicationCacheEnabled: false, browserConnectionEnabled: false, browserName: chrome, chrome: {chromedriverVersion: 2.43.600210 (68dcf5eebde371..., userDataDir: C:\Users\REKHAG~1\AppData\L...}, cssSelectorsEnabled: true, databaseEnabled: false, goog:chromeOptions: {debuggerAddress: localhost:50393}, handlesAlerts: true, hasTouchScreen: false, javascriptEnabled: true, locationContextEnabled: true, mobileEmulationEnabled: false, nativeEvents: true, networkConnectionEnabled: false, pageLoadStrategy: normal, platform: XP, platformName: XP, rotatable: false, setWindowRect: true, takesHeapSnapshot: true, takesScreenshot: true, unexpectedAlertBehaviour: , unhandledPromptBehavior: , version: 80.0.3987.132, webStorageEnabled: true}
Session ID: 727238e4098d40db971bc27c195cf759
*** Element info: {Using=id, value=attach-added-to-cart-message}
2020-03-11 22:42:15 INFO  Log:39 - Info : [EW] Waiting for element - [[ChromeDriver: chrome on XP (727238e4098d40db971bc27c195cf759)] -> xpath: //h2[contains(text(), 'Shopping Cart')]]
2020-03-11 22:42:16 INFO  Log:39 - Pass : [EW] Element found - [[ChromeDriver: chrome on XP (727238e4098d40db971bc27c195cf759)] -> xpath: //h2[contains(text(), 'Shopping Cart')]]
2020-03-11 22:42:16 INFO  Log:39 - Info : After scenario
2020-03-11 22:42:16 INFO  Log:39 - Info : RESULT - passed -- Scenario : Amazon SG - Add a product to bag
2020-03-11 22:42:17 INFO  Log:39 - Info : Driver quits...
2020-03-11 22:42:17 INFO  Log:34 - Info : -------End of Testcase---------End Test Case-------
