<?xml version="1.0" encoding="UTF-8"?>
<testsuite xmlns:xsi="http://www.w3.org/2001/XMLSchema-instance" xsi:schemaLocation="https://maven.apache.org/surefire/maven-surefire-plugin/xsd/surefire-test-report.xsd" name="amazon.runner.TestRunner" time="122.093" tests="43" errors="0" skipped="0" failures="0">
  <properties>
[...]
</properties>
  <testcase name="Given I&apos;m on amazon login page" classname="Scenario: Amazon SG -  Login using invalid username" time="0.002"/>
  <testcase name="When I enter &quot;invalid&quot; username" classname="Scenario: Amazon SG -  Login using invalid username" time="0"/>
  <testcase name="And I continue to the next page" classname="Scenario: Amazon SG -  Login using invalid username" time="0"/>
  <testcase name="Then I verify if invalid &quot;username&quot; error message is displayed" classname="Scenario: Amazon SG -  Login using invalid username" time="0"/>
  <testcase name="Scenario: Amazon SG -  Login using invalid username" classname="Scenario: Amazon SG -  Login using invalid username" time="1.341"/>
  <testcase name="Given I&apos;m on amazon login page" classname="Scenario: Amazon SG - Login using invalid password" time="0"/>
  <testcase name="When I enter &quot;valid&quot; username" classname="Scenario: Amazon SG - Login using invalid password" time="0"/>
  <testcase name="And I continue to the next page" classname="Scenario: Amazon SG - Login using invalid password" time="0"/>
  <testcase name="And I enter &quot;invalid&quot; password" classname="Scenario: Amazon SG - Login using invalid password" time="0"/>
  <testcase name="And I submit the user credentials" classname="Scenario: Amazon SG - Login using invalid password" time="0"/>
  <testcase name="Then I verify if invalid &quot;password&quot; error message is displayed" classname="Scenario: Amazon SG - Login using invalid password" time="0"/>
  <testcase name="Scenario: Amazon SG - Login using invalid password" classname="Scenario: Amazon SG - Login using invalid password" time="1.362"/>
  <testcase name="Given I&apos;m on amazon login page" classname="Scenario: Amazon SG - Login using valid credentials" time="0"/>
  <testcase name="When I enter &quot;valid&quot; username" classname="Scenario: Amazon SG - Login using valid credentials" time="0"/>
  <testcase name="And I continue to the next page" classname="Scenario: Amazon SG - Login using valid credentials" time="0"/>
  <testcase name="And I enter &quot;valid&quot; password" classname="Scenario: Amazon SG - Login using valid credentials" time="0"/>
  <testcase name="And I submit the user credentials" classname="Scenario: Amazon SG - Login using valid credentials" time="0"/>
  <testcase name="Then I verify I am landed on Home screen" classname="Scenario: Amazon SG - Login using valid credentials" time="0"/>
  <testcase name="Scenario: Amazon SG - Login using valid credentials" classname="Scenario: Amazon SG - Login using valid credentials" time="1.473"/>
  <testcase name="Given I&apos;m on amazon login page" classname="Scenario: Amazon SG - Add a product to bag" time="0"/>
  <testcase name="When I enter &quot;valid&quot; username" classname="Scenario: Amazon SG - Add a product to bag" time="0"/>
  <testcase name="When I enter &quot;valid&quot; username" classname="Scenario: Amazon SG - Add a product to bag" time="0"/>
  <testcase name="And I continue to the next page" classname="Scenario: Amazon SG - Add a product to bag" time="0"/>
  <testcase name="And I continue to the next page" classname="Scenario: Amazon SG - Add a product to bag" time="0"/>
  <testcase name="And I enter &quot;valid&quot; password" classname="Scenario: Amazon SG - Add a product to bag" time="0"/>
  <testcase name="And I enter &quot;valid&quot; password" classname="Scenario: Amazon SG - Add a product to bag" time="0"/>
  <testcase name="And I submit the user credentials" classname="Scenario: Amazon SG - Add a product to bag" time="0"/>
  <testcase name="And I submit the user credentials" classname="Scenario: Amazon SG - Add a product to bag" time="0.001"/>
  <testcase name="Then I verify I am landed on Home screen" classname="Scenario: Amazon SG - Add a product to bag" time="0"/>
  <testcase name="Then I verify I am landed on Home screen" classname="Scenario: Amazon SG - Add a product to bag" time="0"/>
  <testcase name="When I search for a product" classname="Scenario: Amazon SG - Add a product to bag" time="0"/>
  <testcase name="Then I verify product search results is displayed" classname="Scenario: Amazon SG - Add a product to bag" time="0"/>
  <testcase name="When I add product with index &quot;1&quot; from search list to bag" classname="Scenario: Amazon SG - Add a product to bag" time="0"/>
  <testcase name="Then I verify I am landed on product page" classname="Scenario: Amazon SG - Add a product to bag" time="0"/>
  <testcase name="When I select &quot;1&quot; product quantity" classname="Scenario: Amazon SG - Add a product to bag" time="0"/>
  <testcase name="And I capture the product details" classname="Scenario: Amazon SG - Add a product to bag" time="0"/>
  <testcase name="And I add the product to cart" classname="Scenario: Amazon SG - Add a product to bag" time="0.001"/>
  <testcase name="Then I verify the product details in cart page" classname="Scenario: Amazon SG - Add a product to bag" time="0"/>
  <testcase name="Then I verify the product details in cart page" classname="Scenario: Amazon SG - Add a product to bag" time="0"/>
  <testcase name="When I logout from the amazon website" classname="Scenario: Amazon SG - Add a product to bag" time="0"/>
  <testcase name="Then I verify I am landed on signin page" classname="Scenario: Amazon SG - Add a product to bag" time="0"/>
  <testcase name="And I navigate to cart page" classname="Scenario: Amazon SG - Add a product to bag" time="0"/>
  <testcase name="Scenario: Amazon SG - Add a product to bag" classname="Scenario: Amazon SG - Add a product to bag" time="1.64"/>
</testsuite>